[    1352ms] [LOG] Service worker registered:  ServiceWorkerRegistration @ https://codeforces.com/:3000
[    1353ms] [ERROR] Failed to load resource: net::ERR_CONNECTION_REFUSED @ https://static.cloudflareinsights.com/beacon.min.js/v4513226cdae34746b4dedf0b4dfa099e1781791509496:0
[    1364ms] [LOG] INFO [Tue Jul 07 2026 03:29:54 GMT-0700 (Pacific Daylight Time)]: Skipping the channel 'undefined'. @ https://codeforces.com/codeforces.org/s/49711/js/codeforces.js?v=20160131:2
[    1364ms] [LOG] INFO [Tue Jul 07 2026 03:29:54 GMT-0700 (Pacific Daylight Time)]: Skipping the channel 'undefined'. @ https://codeforces.com/codeforces.org/s/49711/js/codeforces.js?v=20160131:2
[    1364ms] [LOG] INFO [Tue Jul 07 2026 03:29:54 GMT-0700 (Pacific Daylight Time)]: Skipping the channel 'undefined'. @ https://codeforces.com/codeforces.org/s/49711/js/codeforces.js?v=20160131:2
[    1364ms] [LOG] INFO [Tue Jul 07 2026 03:29:54 GMT-0700 (Pacific Daylight Time)]: Skipping the channel 'undefined'. @ https://codeforces.com/codeforces.org/s/49711/js/codeforces.js?v=20160131:2
[    1364ms] [LOG] INFO [Tue Jul 07 2026 03:29:54 GMT-0700 (Pacific Daylight Time)]: Skipping the channel 'undefined'. @ https://codeforces.com/codeforces.org/s/49711/js/codeforces.js?v=20160131:2
[    1364ms] [LOG] INFO [Tue Jul 07 2026 03:29:54 GMT-0700 (Pacific Daylight Time)]: Skipping the channel 'undefined'. @ https://codeforces.com/codeforces.org/s/49711/js/codeforces.js?v=20160131:2
[    3124ms] [ERROR] Failed to load resource: net::ERR_CONNECTION_REFUSED @ https://www.google-analytics.com/analytics.js:0
[    3361ms] [ERROR] Failed to load resource: net::ERR_CONNECTION_REFUSED @ https://analytics.google.com/g/collect?v=2&tid=G-K230KVN22K&gtm=45je6711v9123190673za20g&_p=1783420194601&_gaz=1&gcd=13l3l3l3l1l1&npa=0&dma=0&_eu=AAAIAGA&are=1&cid=21271613.1783420197&frm=0&pscdl=noapi&rcb=6&sr=1470x956&uaa=arm&uab=64&uafvl=Google%2520Chrome%3B149.0.7827.201%7CChromium%3B149.0.7827.201%7CNot)A%253BBrand%3B24.0.0.0&uam=&uamb=0&uap=macOS&uapv=26.1.0&uaw=0&ul=en-us&gaf=2&_s=1&tag_exp=115938465~115938469~118395333~118826209~119027224~119576881~119576885~119576891~119576895&sid=1783420196&sct=1&seg=0&dl=https%3A%2F%2Fcodeforces.com%2F&dt=Codeforces&en=page_view&_fv=1&_nsi=1&_ss=1&tfd=2854:0
[    3361ms] [ERROR] Failed to load resource: net::ERR_CONNECTION_REFUSED @ https://stats.g.doubleclick.net/g/collect?v=2&tid=G-K230KVN22K&cid=21271613.1783420197&gtm=45je6711v9123190673za20g&rcb=6&aip=1&dma=0&gcd=13l3l3l3l1l1&npa=0&frm=0&tag_exp=115938465~115938469~118395333~118826209~119027224~119576881~119576885~119576891~119576895:0
[   31347ms] [ERROR] Failed to load resource: net::ERR_CONNECTION_REFUSED @ https://www.google-analytics.com/analytics.js:0
[   31355ms] [ERROR] Failed to load resource: net::ERR_CONNECTION_REFUSED @ https://analytics.google.com/g/collect?v=2&tid=G-K230KVN22K&gtm=45je6711v9123190673za20g&_p=1783420224796&_gaz=1&gcd=13l3l3l3l1l1&npa=0&dma=0&_eu=AAAIAGA&are=1&cid=94604186.1783420225&frm=0&pscdl=noapi&rcb=0&sr=1470x956&uaa=arm&uab=64&uafvl=Google%2520Chrome%3B149.0.7827.201%7CChromium%3B149.0.7827.201%7CNot)A%253BBrand%3B24.0.0.0&uam=&uamb=0&uap=macOS&uapv=26.1.0&uaw=0&ul=en-us&gaf=2&_s=1&tag_exp=115938466~115938469~118395335~119027224~119576881~119576885~119576891~119576895&sid=1783420224&sct=1&seg=0&dl=https%3A%2F%2Fcodeforces.com%2F&dt=Codeforces&en=page_view&_fv=1&_nsi=1&_ss=1&tfd=491:0
[   31363ms] [ERROR] Failed to load resource: net::ERR_CONNECTION_REFUSED @ https://stats.g.doubleclick.net/g/collect?v=2&tid=G-K230KVN22K&cid=94604186.1783420225&gtm=45je6711v9123190673za20g&rcb=0&aip=1&dma=0&gcd=13l3l3l3l1l1&npa=0&frm=0&tag_exp=115938466~115938469~118395335~119027224~119576881~119576885~119576891~119576895:0
[   31364ms] [ERROR] Failed to load resource: net::ERR_CONNECTION_REFUSED @ https://static.cloudflareinsights.com/beacon.min.js/v4513226cdae34746b4dedf0b4dfa099e1781791509496:0
[   31396ms] [LOG] INFO [Tue Jul 07 2026 03:30:24 GMT-0700 (Pacific Daylight Time)]: Skipping the channel 'undefined'. @ https://codeforces.com/codeforces.org/s/49711/js/codeforces.js?v=20160131:2
[   31397ms] [LOG] INFO [Tue Jul 07 2026 03:30:24 GMT-0700 (Pacific Daylight Time)]: Skipping the channel 'undefined'. @ https://codeforces.com/codeforces.org/s/49711/js/codeforces.js?v=20160131:2
[   31397ms] [LOG] INFO [Tue Jul 07 2026 03:30:24 GMT-0700 (Pacific Daylight Time)]: Skipping the channel 'undefined'. @ https://codeforces.com/codeforces.org/s/49711/js/codeforces.js?v=20160131:2
[   31397ms] [LOG] INFO [Tue Jul 07 2026 03:30:24 GMT-0700 (Pacific Daylight Time)]: Skipping the channel 'undefined'. @ https://codeforces.com/codeforces.org/s/49711/js/codeforces.js?v=20160131:2
[   31397ms] [LOG] INFO [Tue Jul 07 2026 03:30:24 GMT-0700 (Pacific Daylight Time)]: Skipping the channel 'undefined'. @ https://codeforces.com/codeforces.org/s/49711/js/codeforces.js?v=20160131:2
[   31397ms] [LOG] INFO [Tue Jul 07 2026 03:30:24 GMT-0700 (Pacific Daylight Time)]: Skipping the channel 'undefined'. @ https://codeforces.com/codeforces.org/s/49711/js/codeforces.js?v=20160131:2
[   31415ms] [LOG] Service worker registered:  ServiceWorkerRegistration @ https://codeforces.com/:3000
